<?xml version="1.0" encoding="UTF-8" ?>
<testsuite failures="0" time="0.052" errors="0" skipped="0" tests="1" name="daveshep.gtd.ListManagerTest">
  <properties>
    <property name="java.vendor" value="Sun Microsystems Inc."/>
    <property name="env.LESSOPEN" value="| /usr/bin/lesspipe %s"/>
    <property name="localRepository" value="/var/maven2-repos"/>
    <property name="sun.java.launcher" value="SUN_STANDARD"/>
    <property name="sun.management.compiler" value="HotSpot Client Compiler"/>
    <property name="os.name" value="Linux"/>
    <property name="sun.boot.class.path" value="/usr/lib/jvm/java-6-sun-1.6.0.12/jre/lib/resources.jar:/usr/lib/jvm/java-6-sun-1.6.0.12/jre/lib/rt.jar:/usr/lib/jvm/java-6-sun-1.6.0.12/jre/lib/sunrsasign.jar:/usr/lib/jvm/java-6-sun-1.6.0.12/jre/lib/jsse.jar:/usr/lib/jvm/java-6-sun-1.6.0.12/jre/lib/jce.jar:/usr/lib/jvm/java-6-sun-1.6.0.12/jre/lib/charsets.jar:/usr/lib/jvm/java-6-sun-1.6.0.12/jre/classes"/>
    <property name="env.PWD" value="/home/david/development/list-manager"/>
    <property name="env.LANG" value="en_NZ"/>
    <property name="java.vm.specification.vendor" value="Sun Microsystems Inc."/>
    <property name="java.runtime.version" value="1.6.0_12-b04"/>
    <property name="user.name" value="david"/>
    <property name="env.USER" value="david"/>
    <property name="env.HISTCONTROL" value="ignoredups"/>
    <property name="env.SHELL" value="/bin/bash"/>
    <property name="env.SSH_TTY" value="/dev/pts/0"/>
    <property name="env.NLSPATH" value="/usr/dt/lib/nls/msg/%L/%N.cat"/>
    <property name="env.PATH" value="/usr/local/bin:/usr/bin:/bin:/usr/games"/>
    <property name="user.language" value="en"/>
    <property name="sun.boot.library.path" value="/usr/lib/jvm/java-6-sun-1.6.0.12/jre/lib/i386"/>
    <property name="classworlds.conf" value="/usr/share/maven2/bin/m2.conf"/>
    <property name="env.SSH_CONNECTION" value="192.168.1.47 40987 192.168.1.3 22"/>
    <property name="java.version" value="1.6.0_12"/>
    <property name="env.SSH_CLIENT" value="192.168.1.47 40987 22"/>
    <property name="user.timezone" value="Pacific/Auckland"/>
    <property name="sun.arch.data.model" value="32"/>
    <property name="java.endorsed.dirs" value="/usr/lib/jvm/java-6-sun-1.6.0.12/jre/lib/endorsed"/>
    <property name="sun.cpu.isalist" value=""/>
    <property name="sun.jnu.encoding" value="ISO-8859-1"/>
    <property name="file.encoding.pkg" value="sun.io"/>
    <property name="env.SHLVL" value="1"/>
    <property name="file.separator" value="/"/>
    <property name="java.specification.name" value="Java Platform API Specification"/>
    <property name="java.class.version" value="50.0"/>
    <property name="user.country" value="NZ"/>
    <property name="java.home" value="/usr/lib/jvm/java-6-sun-1.6.0.12/jre"/>
    <property name="java.vm.info" value="mixed mode, sharing"/>
    <property name="env.FTP_PROXY" value="http://192.168.1.1:3128/"/>
    <property name="env.LOGNAME" value="david"/>
    <property name="os.version" value="2.6.26-2-686"/>
    <property name="path.separator" value=":"/>
    <property name="java.vm.version" value="11.2-b01"/>
    <property name="java.awt.printerjob" value="sun.print.PSPrinterJob"/>
    <property name="env.TERM" value="xterm"/>
    <property name="sun.io.unicode.encoding" value="UnicodeLittle"/>
    <property name="user.home" value="/home/david"/>
    <property name="java.specification.vendor" value="Sun Microsystems Inc."/>
    <property name="java.library.path" value="/usr/lib/jvm/java-6-sun-1.6.0.12/jre/lib/i386/client:/usr/lib/jvm/java-6-sun-1.6.0.12/jre/lib/i386:/usr/lib/jvm/java-6-sun-1.6.0.12/jre/../lib/i386:/usr/java/packages/lib/i386:/lib:/usr/lib"/>
    <property name="java.vendor.url" value="http://java.sun.com/"/>
    <property name="java.vm.vendor" value="Sun Microsystems Inc."/>
    <property name="maven.home" value="/usr/share/maven2"/>
    <property name="java.runtime.name" value="Java(TM) SE Runtime Environment"/>
    <property name="java.class.path" value="/usr/share/maven2/boot/classworlds.jar"/>
    <property name="env.XFILESEARCHPATH" value="/usr/dt/app-defaults/%L/Dt"/>
    <property name="java.vm.specification.name" value="Java Virtual Machine Specification"/>
    <property name="java.vm.specification.version" value="1.0"/>
    <property name="sun.cpu.endian" value="little"/>
    <property name="sun.os.patch.level" value="unknown"/>
    <property name="env.HOME" value="/home/david"/>
    <property name="surefire.test.class.path" value="/home/david/development/list-manager/target/test-classes:/home/david/development/list-manager/target/classes:/var/maven2-repos/junit/junit/3.8.1/junit-3.8.1.jar:"/>
    <property name="env.LS_COLORS" value="no=00:fi=00:di=01;34:ln=01;36:pi=40;33:so=01;35:do=01;35:bd=40;33;01:cd=40;33;01:or=40;31;01:su=37;41:sg=30;43:tw=30;42:ow=34;42:st=37;44:ex=01;32:*.tar=01;31:*.tgz=01;31:*.svgz=01;31:*.arj=01;31:*.taz=01;31:*.lzh=01;31:*.lzma=01;31:*.zip=01;31:*.z=01;31:*.Z=01;31:*.dz=01;31:*.gz=01;31:*.bz2=01;31:*.bz=01;31:*.tbz2=01;31:*.tz=01;31:*.deb=01;31:*.rpm=01;31:*.jar=01;31:*.rar=01;31:*.ace=01;31:*.zoo=01;31:*.cpio=01;31:*.7z=01;31:*.rz=01;31:*.jpg=01;35:*.jpeg=01;35:*.gif=01;35:*.bmp=01;35:*.pbm=01;35:*.pgm=01;35:*.ppm=01;35:*.tga=01;35:*.xbm=01;35:*.xpm=01;35:*.tif=01;35:*.tiff=01;35:*.png=01;35:*.svg=01;35:*.mng=01;35:*.pcx=01;35:*.mov=01;35:*.mpg=01;35:*.mpeg=01;35:*.m2v=01;35:*.mkv=01;35:*.ogm=01;35:*.mp4=01;35:*.m4v=01;35:*.mp4v=01;35:*.vob=01;35:*.qt=01;35:*.nuv=01;35:*.wmv=01;35:*.asf=01;35:*.rm=01;35:*.rmvb=01;35:*.flc=01;35:*.avi=01;35:*.fli=01;35:*.gl=01;35:*.dl=01;35:*.xcf=01;35:*.xwd=01;35:*.yuv=01;35:*.aac=00;36:*.au=00;36:*.flac=00;36:*.mid=00;36:*.midi=00;36:*.mka=00;36:*.mp3=00;36:*.mpc=00;36:*.ogg=00;36:*.ra=00;36:*.wav=00;36:"/>
    <property name="java.io.tmpdir" value="/tmp"/>
    <property name="env.LD_LIBRARY_PATH" value="/usr/lib/jvm/java-6-sun-1.6.0.12/jre/lib/i386/client:/usr/lib/jvm/java-6-sun-1.6.0.12/jre/lib/i386:/usr/lib/jvm/java-6-sun-1.6.0.12/jre/../lib/i386"/>
    <property name="java.vendor.url.bug" value="http://java.sun.com/cgi-bin/bugreport.cgi"/>
    <property name="os.arch" value="i386"/>
    <property name="java.awt.graphicsenv" value="sun.awt.X11GraphicsEnvironment"/>
    <property name="java.ext.dirs" value="/usr/lib/jvm/java-6-sun-1.6.0.12/jre/lib/ext:/usr/java/packages/lib/ext"/>
    <property name="user.dir" value="/home/david/development/list-manager"/>
    <property name="line.separator" value="
"/>
    <property name="java.vm.name" value="Java HotSpot(TM) Client VM"/>
    <property name="basedir" value="/home/david/development/list-manager"/>
    <property name="file.encoding" value="ISO-8859-1"/>
    <property name="env.MAIL" value="/var/mail/david"/>
    <property name="java.specification.version" value="1.6"/>
    <property name="env.HTTP_PROXY" value="http://192.168.1.1:3128/"/>
    <property name="env.LESSCLOSE" value="/usr/bin/lesspipe %s %s"/>
  </properties>
  <testcase time="0.009" classname="daveshep.gtd.ListManagerTest" name="testAddTask"/>
</testsuite>